<?xml version="1.0" encoding="UTF-8"?>
<testng-results ignored="0" total="1" passed="1" failed="0" skipped="0">
  <reporter-output>
  </reporter-output>
  <suite started-at="2021-06-17T11:24:12 BST" name="Default suite" finished-at="2021-06-17T11:25:01 BST" duration-ms="48667">
    <groups>
    </groups>
    <test started-at="2021-06-17T11:24:12 BST" name="Default test" finished-at="2021-06-17T11:25:01 BST" duration-ms="48667">
      <class name="tests.AddLanguage">
        <test-method is-config="true" signature="setUp()[pri:0, instance:tests.AddLanguage@1fc793c2]" started-at="2021-06-17T11:24:12 BST" name="setUp" finished-at="2021-06-17T11:24:19 BST" duration-ms="6614" status="PASS">
          <reporter-output>
          </reporter-output>
        </test-method> <!-- setUp -->
        <test-method signature="sampleTest()[pri:0, instance:tests.AddLanguage@1fc793c2]" started-at="2021-06-17T11:24:19 BST" name="sampleTest" finished-at="2021-06-17T11:24:57 BST" duration-ms="38204" status="PASS">
          <reporter-output>
          </reporter-output>
        </test-method> <!-- sampleTest -->
        <test-method is-config="true" signature="tearDown()[pri:0, instance:tests.AddLanguage@1fc793c2]" started-at="2021-06-17T11:24:57 BST" name="tearDown" finished-at="2021-06-17T11:25:01 BST" duration-ms="3790" status="PASS">
          <reporter-output>
          </reporter-output>
        </test-method> <!-- tearDown -->
      </class> <!-- tests.AddLanguage -->
    </test> <!-- Default test -->
  </suite> <!-- Default suite -->
</testng-results>
